<?xml version="1.0" encoding="UTF-8"?>
<!-- Generated by org.testng.reporters.JUnitReportReporter -->
<testsuite hostname="DESKTOP-CI731R6" failures="0" tests="1" name="testCases.Tc_005_Blog" time="8.524" errors="0" timestamp="2023-03-24T13:12:26 IST" skipped="0">
  <testcase classname="testCases.Tc_005_Blog" name="get_BlogTitle" time="8.524"/>
  <system-out/>
</testsuite> <!-- testCases.Tc_005_Blog -->
