<?xml version="1.0" encoding="UTF-8"?>
<!-- Generated by org.testng.reporters.JUnitReportReporter -->
<testsuite hostname="DESKTOP-CI731R6" failures="0" tests="1" name="testCases.TC_004_Title" time="4.034" errors="0" timestamp="2023-03-24T13:12:26 IST" skipped="0">
  <testcase classname="testCases.TC_004_Title" name="get_Title" time="4.034"/>
  <system-out/>
</testsuite> <!-- testCases.TC_004_Title -->
