<?xml version="1.0" encoding="UTF-8"?>
<!-- Generated by org.testng.reporters.JUnitReportReporter -->
<testsuite hostname="DESKTOP-CI731R6" failures="0" tests="1" name="testCases.Tc_006_Feature" time="9.757" errors="0" timestamp="2023-03-24T22:18:38 IST" skipped="0">
  <testcase classname="testCases.Tc_006_Feature" name="feature" time="9.757"/>
  <system-out/>
</testsuite> <!-- testCases.Tc_006_Feature -->
