<?xml version="1.0" encoding="UTF-8"?>
<!-- Generated by org.testng.reporters.JUnitReportReporter -->
<testsuite hostname="DESKTOP-CI731R6" failures="0" tests="1" name="testCases.Tc_006_Feature" time="8.824" errors="0" timestamp="2023-03-24T23:33:29 IST" skipped="0">
  <testcase classname="testCases.Tc_006_Feature" name="feature" time="8.824"/>
  <system-out/>
</testsuite> <!-- testCases.Tc_006_Feature -->
